[INFO] 
ml-coretools 3.0.0.8035 based on TensorFlow 2.14.1 and ethos-u-vela 3.10.0
	ml-coretools-middleware-streaming 3.0.0.12590
	ml-coretools-tflm-qemu-images 3.0.0.12590

[INFO] Loading Keras model from C:\projects_MCU\work_nov_bootcamp\01_capsense_modelling\IMG_AI_modelling\touch_detection\Models\trial_19\conv1d-small-balanced-2\Gen\touch_detection.h5 ...
[INFO] Model loaded successfully
[WARNING] Untested output layer type Activation encountered, proceed with caution.
[INFO] Converting Keras h5 C:\projects_MCU\work_nov_bootcamp\01_capsense_modelling\IMG_AI_modelling\touch_detection\Models\trial_19\conv1d-small-balanced-2\Gen\touch_detection.h5 to tflite model C:\projects_MCU\work_nov_bootcamp\01_capsense_modelling\IMG_AI_modelling\touch_detection\Models\trial_19\conv1d-small-balanced-2\Gen\Infineon\model_gen_dir\CAP_MODEL_float.tflite...
[INFO] Loading Keras model from C:\projects_MCU\work_nov_bootcamp\01_capsense_modelling\IMG_AI_modelling\touch_detection\Models\trial_19\conv1d-small-balanced-2\Gen\touch_detection.h5 ...
[INFO] Model loaded successfully
[INFO] Saving tflite model to C:\projects_MCU\work_nov_bootcamp\01_capsense_modelling\IMG_AI_modelling\touch_detection\Models\trial_19\conv1d-small-balanced-2\Gen\Infineon\model_gen_dir\CAP_MODEL_float.tflite
[INFO] Loading tflite model C:\projects_MCU\work_nov_bootcamp\01_capsense_modelling\IMG_AI_modelling\touch_detection\Models\trial_19\conv1d-small-balanced-2\Gen\Infineon\model_gen_dir\CAP_MODEL_float.tflite ...
[INFO] Loading tflite model C:\projects_MCU\work_nov_bootcamp\01_capsense_modelling\IMG_AI_modelling\touch_detection\Models\trial_19\conv1d-small-balanced-2\Gen\Infineon\model_gen_dir\CAP_MODEL_float.tflite through the interpreter...
[INFO] Dataset features have total shape (1000, 24, 3)
[INFO] Inference engine: TFLM
[INFO] Writing reference evaluation data to C:\projects_MCU\work_nov_bootcamp\01_capsense_modelling\IMG_AI_modelling\touch_detection\Models\trial_19\conv1d-small-balanced-2\Gen\Infineon\info\CAP_MODEL_tflm_tflite_float_model_reference.txt...
[INFO] Converting model for the reference evaluation...
[INFO] Loading tflite model C:\projects_MCU\work_nov_bootcamp\01_capsense_modelling\IMG_AI_modelling\touch_detection\Models\trial_19\conv1d-small-balanced-2\Gen\Infineon\model_gen_dir\CAP_MODEL_float.tflite ...
[INFO] Estimate cycle count of model ...
[INFO] Writing ops resource info to C:\projects_MCU\work_nov_bootcamp\01_capsense_modelling\IMG_AI_modelling\touch_detection\Models\trial_19\conv1d-small-balanced-2\Gen\Infineon\info\CAP_MODEL_ops_metrics.json.
[INFO] Evaluating required size of scratch memory (tensor arena) from C:\projects_MCU\work_nov_bootcamp\01_capsense_modelling\IMG_AI_modelling\touch_detection\Models\trial_19\conv1d-small-balanced-2\Gen\Infineon\model_gen_dir\CAP_MODEL_float.tflite ...
[INFO] C:\projects_MCU\work_nov_bootcamp\01_capsense_modelling\IMG_AI_modelling\touch_detection\Models\trial_19\conv1d-small-balanced-2\Gen\Infineon\info\CAP_MODEL_tflm_float_tensor_arena_size.txt
[INFO] The TFLM converting C:\projects_MCU\work_nov_bootcamp\01_capsense_modelling\IMG_AI_modelling\touch_detection\Models\trial_19\conv1d-small-balanced-2\Gen\Infineon\model_gen_dir\CAP_MODEL_float.tflite ...
[INFO] The TFLM generated C:\projects_MCU\work_nov_bootcamp\01_capsense_modelling\IMG_AI_modelling\touch_detection\Models\trial_19\conv1d-small-balanced-2\Gen\Infineon\mtb_ml_models\CAP_MODEL_tflm_model_float.h
[INFO] The TFLM generated C:\projects_MCU\work_nov_bootcamp\01_capsense_modelling\IMG_AI_modelling\touch_detection\Models\trial_19\conv1d-small-balanced-2\Gen\Infineon\mtb_ml_models\CAP_MODEL_tflm_model_float.bin
[INFO] The TFLM generated C:\projects_MCU\work_nov_bootcamp\01_capsense_modelling\IMG_AI_modelling\touch_detection\Models\trial_19\conv1d-small-balanced-2\Gen\Infineon\mtb_ml_models\CAP_MODEL_tflm_model_float.c
[INFO] Writing model resource info to C:\projects_MCU\work_nov_bootcamp\01_capsense_modelling\IMG_AI_modelling\touch_detection\Models\trial_19\conv1d-small-balanced-2\Gen\Infineon\info\CAP_MODEL_model_metrics.json
[INFO] Model metrics summary:
+----------------------+----------------------+----------------------+----------------------+
|      Data Type       | Model Memory, bytes  | Tensor Arena, bytes  |      CPU Cycles      |
+======================+======================+======================+======================+
| float                |        24480         |        16384         |        610619        |
+----------------------+----------------------+----------------------+----------------------+
[WARNING] Estimated cycle count in the report does not include the following operators: RESHAPE, SOFTMAX
[INFO] Note: The cycle count estimation is provided for the configuration with the hardware floating-point support enabled.
[INFO] Model conversion is completed.
[INFO] Writing validation data for the reference evaluation...
[INFO] Writing float  X data to C:\projects_MCU\work_nov_bootcamp\01_capsense_modelling\IMG_AI_modelling\touch_detection\Models\trial_19\conv1d-small-balanced-2\Gen\Infineon\mtb_ml_regression_data\CAP_MODEL_tflm_x_data_float.bin
[INFO] Writing float  X data to C:\projects_MCU\work_nov_bootcamp\01_capsense_modelling\IMG_AI_modelling\touch_detection\Models\trial_19\conv1d-small-balanced-2\Gen\Infineon\mtb_ml_regression_data\CAP_MODEL_tflm_x_data_float.c
[INFO] Writing float  Y data to C:\projects_MCU\work_nov_bootcamp\01_capsense_modelling\IMG_AI_modelling\touch_detection\Models\trial_19\conv1d-small-balanced-2\Gen\Infineon\mtb_ml_regression_data\CAP_MODEL_tflm_y_data_float.bin
[INFO] Writing float  Y data to C:\projects_MCU\work_nov_bootcamp\01_capsense_modelling\IMG_AI_modelling\touch_detection\Models\trial_19\conv1d-small-balanced-2\Gen\Infineon\mtb_ml_regression_data\CAP_MODEL_tflm_y_data_float.c
[INFO] Writing float  X data to C:\projects_MCU\work_nov_bootcamp\01_capsense_modelling\IMG_AI_modelling\touch_detection\Models\trial_19\conv1d-small-balanced-2\Gen\Infineon\mtb_ml_regression_data\CAP_MODEL_tflm_x_data_float.bin
[INFO] Writing float  X data to C:\projects_MCU\work_nov_bootcamp\01_capsense_modelling\IMG_AI_modelling\touch_detection\Models\trial_19\conv1d-small-balanced-2\Gen\Infineon\mtb_ml_regression_data\CAP_MODEL_tflm_x_data_float.h
[INFO] Writing float  Y data to C:\projects_MCU\work_nov_bootcamp\01_capsense_modelling\IMG_AI_modelling\touch_detection\Models\trial_19\conv1d-small-balanced-2\Gen\Infineon\mtb_ml_regression_data\CAP_MODEL_tflm_y_data_float.bin
[INFO] Writing float  Y data to C:\projects_MCU\work_nov_bootcamp\01_capsense_modelling\IMG_AI_modelling\touch_detection\Models\trial_19\conv1d-small-balanced-2\Gen\Infineon\mtb_ml_regression_data\CAP_MODEL_tflm_y_data_float.h
[INFO] Validation data is written.
[INFO] The deployment finished successfully.
[INFO] The log file is located at C:/projects_MCU/work_nov_bootcamp/01_capsense_modelling/IMG_AI_modelling/touch_detection/Models/trial_19/conv1d-small-balanced-2/Gen/Infineon\coretools_20241008101929.log
